#
# There is insufficient memory for the Java Runtime Environment to continue.
# Native memory allocation (mmap) failed to map 187711488 bytes for committing reserved memory.
# Possible reasons:
#   The system is out of physical RAM or swap space
#   In 32 bit mode, the process size limit was hit
# Possible solutions:
#   Reduce memory load on the system
#   Increase physical memory or swap space
#   Check if swap backing store is full
#   Use 64 bit Java on a 64 bit OS
#   Decrease Java heap size (-Xmx/-Xms)
#   Decrease number of Java threads
#   Decrease Java thread stack sizes (-Xss)
#   Set larger code cache with -XX:ReservedCodeCacheSize=
# This output file may be truncated or incomplete.
#
#  Out of Memory Error (os_linux.cpp:2627), pid=42235, tid=0x00007fcc48263700
#
# JRE version: OpenJDK Runtime Environment (8.0_112-b06) (build 1.8.0_112-release-b06)
# Java VM: OpenJDK 64-Bit Server VM (25.112-b06 mixed mode linux-amd64 compressed oops)
# Failed to write core dump. Core dumps have been disabled. To enable core dumping, try "ulimit -c unlimited" before starting Java again
#

---------------  T H R E A D  ---------------

Current thread (0x00007fcc5806e000):  VMThread [stack: 0x00007fcc48163000,0x00007fcc48264000] [id=42241]

Stack: [0x00007fcc48163000,0x00007fcc48264000],  sp=0x00007fcc48262580,  free space=1021k
Native frames: (J=compiled Java code, j=interpreted, Vv=VM code, C=native code)
V  [libjvm.so+0x9e465d]  VMError::report_and_die()+0x15d
V  [libjvm.so+0x4b6ada]  report_vm_out_of_memory(char const*, int, unsigned long, VMErrorType, char const*)+0x8a
V  [libjvm.so+0x84c860]  os::pd_commit_memory(char*, unsigned long, unsigned long, bool)+0xf0
V  [libjvm.so+0x84737f]  os::commit_memory(char*, unsigned long, unsigned long, bool)+0x1f
V  [libjvm.so+0x9e1514]  VirtualSpace::expand_by(unsigned long, bool)+0x1b4
V  [libjvm.so+0x59ec6e]  OneContigSpaceCardGeneration::grow_by(unsigned long)+0x1e
V  [libjvm.so+0x59efa5]  OneContigSpaceCardGeneration::expand(unsigned long, unsigned long)+0x85
V  [libjvm.so+0x58fef0]  GenCollectedHeap::do_collection(bool, bool, unsigned long, bool, int)+0x780
V  [libjvm.so+0x44a502]  GenCollectorPolicy::satisfy_failed_allocation(unsigned long, bool)+0xb2
V  [libjvm.so+0x9e5651]  VM_GenCollectForAllocation::doit()+0x81
V  [libjvm.so+0x9ea537]  VM_Operation::evaluate()+0x47
V  [libjvm.so+0x9e8ff8]  VMThread::evaluate_operation(VM_Operation*)+0x2c8
V  [libjvm.so+0x9e9479]  VMThread::loop()+0x219
V  [libjvm.so+0x9e98c2]  VMThread::run()+0x72
V  [libjvm.so+0x849c82]  java_start(Thread*)+0xf2

VM_Operation (0x00007fcc4351ae10): GenCollectForAllocation, mode: safepoint, requested by thread 0x00007fcc58156000


---------------  P R O C E S S  ---------------

Java Threads: ( => current thread )
  0x00007fcc58159000 JavaThread "pool-1-thread-4" [_thread_blocked, id=42253, stack(0x00007fcc4321a000,0x00007fcc4331b000)]
  0x00007fcc58157800 JavaThread "pool-1-thread-3" [_thread_blocked, id=42252, stack(0x00007fcc4331b000,0x00007fcc4341c000)]
  0x00007fcc58156000 JavaThread "pool-1-thread-2" [_thread_blocked, id=42251, stack(0x00007fcc4341c000,0x00007fcc4351d000)]
  0x00007fcc58153800 JavaThread "pool-2-thread-1" [_thread_blocked, id=42250, stack(0x00007fcc4351d000,0x00007fcc4361e000)]
  0x00007fcc58152800 JavaThread "pool-1-thread-1" [_thread_blocked, id=42249, stack(0x00007fcc4361e000,0x00007fcc4371f000)]
  0x00007fcc580bc000 JavaThread "Service Thread" daemon [_thread_blocked, id=42247, stack(0x00007fcc43820000,0x00007fcc43921000)]
  0x00007fcc580b1000 JavaThread "C1 CompilerThread1" daemon [_thread_blocked, id=42246, stack(0x00007fcc43921000,0x00007fcc43a22000)]
  0x00007fcc580ae800 JavaThread "C2 CompilerThread0" daemon [_thread_blocked, id=42245, stack(0x00007fcc43a22000,0x00007fcc43b23000)]
  0x00007fcc580ad800 JavaThread "Signal Dispatcher" daemon [_thread_blocked, id=42244, stack(0x00007fcc43b23000,0x00007fcc43c24000)]
  0x00007fcc5807a000 JavaThread "Finalizer" daemon [_thread_blocked, id=42243, stack(0x00007fcc43eff000,0x00007fcc44000000)]
  0x00007fcc58075800 JavaThread "Reference Handler" daemon [_thread_blocked, id=42242, stack(0x00007fcc48062000,0x00007fcc48163000)]
  0x00007fcc5800a000 JavaThread "main" [_thread_blocked, id=42240, stack(0x00007fcc5f1e5000,0x00007fcc5f2e6000)]

Other Threads:
=>0x00007fcc5806e000 VMThread [stack: 0x00007fcc48163000,0x00007fcc48264000] [id=42241]
  0x00007fcc580bf000 WatcherThread [stack: 0x00007fcc4371f000,0x00007fcc43820000] [id=42248]

VM state:at safepoint (normal execution)

VM Mutex/Monitor currently owned by a thread:  ([mutex/lock_event])
[0x00007fcc580064d0] Threads_lock - owner thread: 0x00007fcc5806e000
[0x00007fcc580069d0] Heap_lock - owner thread: 0x00007fcc58156000

Heap:
 def new generation   total 105024K, used 11507K [0x00000000c0000000, 0x00000000c71f0000, 0x00000000d5550000)
  eden space 93376K,  12% used [0x00000000c0000000, 0x00000000c0b3cf98, 0x00000000c5b30000)
  from space 11648K,   0% used [0x00000000c5b30000, 0x00000000c5b30000, 0x00000000c6690000)
  to   space 11648K,   0% used [0x00000000c6690000, 0x00000000c6690000, 0x00000000c71f0000)
 tenured generation   total 275016K, used 274996K [0x00000000d5550000, 0x00000000e61e2000, 0x0000000100000000)
   the space 275016K,  99% used [0x00000000d5550000, 0x00000000e61dd100, 0x00000000e61dd200, 0x00000000e61e2000)
 Metaspace       used 6489K, capacity 7280K, committed 7552K, reserved 1056768K
  class space    used 591K, capacity 616K, committed 640K, reserved 1048576K

Card table byte_map: [0x00007fcc48dff000,0x00007fcc49000000] byte_map_base: 0x00007fcc487ff000

Polling page: 0x00007fcc5f301000

CodeCache: size=245760Kb used=9062Kb max_used=9076Kb free=236697Kb
 bounds [0x00007fcc49000000, 0x00007fcc498f0000, 0x00007fcc58000000]
 total_blobs=2487 nmethods=2218 adapters=183
 compilation: enabled

Compilation events (10 events):
Event: 30.130 Thread 0x00007fcc580ae800 nmethod 2404 0x00007fcc498c3950 code [0x00007fcc498c3ae0, 0x00007fcc498c3d78]
Event: 30.130 Thread 0x00007fcc580ae800 2490       4       com.android.dx.cf.code.RopperMachine::getSources (264 bytes)
Event: 30.374 Thread 0x00007fcc580ae800 nmethod 2490 0x00007fcc498dca10 code [0x00007fcc498dce20, 0x00007fcc498df910]
Event: 30.374 Thread 0x00007fcc580ae800 2486       4       com.android.dx.cf.code.BaseMachine::storeResults (90 bytes)
Event: 30.483 Thread 0x00007fcc580ae800 nmethod 2486 0x00007fcc498e2f10 code [0x00007fcc498e3240, 0x00007fcc498e4c10]
Event: 30.483 Thread 0x00007fcc580ae800 2608       4       java.util.ArrayList::clear (39 bytes)
Event: 30.494 Thread 0x00007fcc580ae800 nmethod 2608 0x00007fcc4989da10 code [0x00007fcc4989db60, 0x00007fcc4989dc38]
Event: 30.494 Thread 0x00007fcc580ae800 2611       4       java.util.concurrent.ConcurrentHashMap::get (162 bytes)
Event: 30.539 Thread 0x00007fcc580ae800 nmethod 2611 0x00007fcc498c2f10 code [0x00007fcc498c30a0, 0x00007fcc498c3628]
Event: 30.539 Thread 0x00007fcc580ae800 2595       4       com.android.dx.ssa.DeadCodeRemover::run (194 bytes)

GC Heap History (10 events):
Event: 22.092 GC heap after
Heap after GC invocations=53 (full 5):
 def new generation   total 105024K, used 11648K [0x00000000c0000000, 0x00000000c71f0000, 0x00000000d5550000)
  eden space 93376K,   0% used [0x00000000c0000000, 0x00000000c0000000, 0x00000000c5b30000)
  from space 11648K, 100% used [0x00000000c6690000, 0x00000000c71f0000, 0x00000000c71f0000)
  to   space 11648K,   0% used [0x00000000c5b30000, 0x00000000c5b30000, 0x00000000c6690000)
 tenured generation   total 233160K, used 173468K [0x00000000d5550000, 0x00000000e3902000, 0x0000000100000000)
   the space 233160K,  74% used [0x00000000d5550000, 0x00000000dfeb7390, 0x00000000dfeb7400, 0x00000000e3902000)
 Metaspace       used 6482K, capacity 7216K, committed 7296K, reserved 1056768K
  class space    used 591K, capacity 616K, committed 640K, reserved 1048576K
}
Event: 22.670 GC heap before
{Heap before GC invocations=53 (full 5):
 def new generation   total 105024K, used 105024K [0x00000000c0000000, 0x00000000c71f0000, 0x00000000d5550000)
  eden space 93376K, 100% used [0x00000000c0000000, 0x00000000c5b30000, 0x00000000c5b30000)
  from space 11648K, 100% used [0x00000000c6690000, 0x00000000c71f0000, 0x00000000c71f0000)
  to   space 11648K,   0% used [0x00000000c5b30000, 0x00000000c5b30000, 0x00000000c6690000)
 tenured generation   total 233160K, used 173468K [0x00000000d5550000, 0x00000000e3902000, 0x0000000100000000)
   the space 233160K,  74% used [0x00000000d5550000, 0x00000000dfeb7390, 0x00000000dfeb7400, 0x00000000e3902000)
 Metaspace       used 6482K, capacity 7216K, committed 7296K, reserved 1056768K
  class space    used 591K, capacity 616K, committed 640K, reserved 1048576K
Event: 22.820 GC heap after
Heap after GC invocations=54 (full 5):
 def new generation   total 105024K, used 11648K [0x00000000c0000000, 0x00000000c71f0000, 0x00000000d5550000)
  eden space 93376K,   0% used [0x00000000c0000000, 0x00000000c0000000, 0x00000000c5b30000)
  from space 11648K, 100% used [0x00000000c5b30000, 0x00000000c6690000, 0x00000000c6690000)
  to   space 11648K,   0% used [0x00000000c6690000, 0x00000000c6690000, 0x00000000c71f0000)
 tenured generation   total 233160K, used 183361K [0x00000000d5550000, 0x00000000e3902000, 0x0000000100000000)
   the space 233160K,  78% used [0x00000000d5550000, 0x00000000e0860670, 0x00000000e0860800, 0x00000000e3902000)
 Metaspace       used 6482K, capacity 7216K, committed 7296K, reserved 1056768K
  class space    used 591K, capacity 616K, committed 640K, reserved 1048576K
}
Event: 23.447 GC heap before
{Heap before GC invocations=54 (full 5):
 def new generation   total 105024K, used 105024K [0x00000000c0000000, 0x00000000c71f0000, 0x00000000d5550000)
  eden space 93376K, 100% used [0x00000000c0000000, 0x00000000c5b30000, 0x00000000c5b30000)
  from space 11648K, 100% used [0x00000000c5b30000, 0x00000000c6690000, 0x00000000c6690000)
  to   space 11648K,   0% used [0x00000000c6690000, 0x00000000c6690000, 0x00000000c71f0000)
 tenured generation   total 233160K, used 183361K [0x00000000d5550000, 0x00000000e3902000, 0x0000000100000000)
   the space 233160K,  78% used [0x00000000d5550000, 0x00000000e0860670, 0x00000000e0860800, 0x00000000e3902000)
 Metaspace       used 6485K, capacity 7216K, committed 7296K, reserved 1056768K
  class space    used 591K, capacity 616K, committed 640K, reserved 1048576K
Event: 23.584 GC heap after
Heap after GC invocations=55 (full 5):
 def new generation   total 105024K, used 11269K [0x00000000c0000000, 0x00000000c71f0000, 0x00000000d5550000)
  eden space 93376K,   0% used [0x00000000c0000000, 0x00000000c0000000, 0x00000000c5b30000)
  from space 11648K,  96% used [0x00000000c6690000, 0x00000000c71915b0, 0x00000000c71f0000)
  to   space 11648K,   0% used [0x00000000c5b30000, 0x00000000c5b30000, 0x00000000c6690000)
 tenured generation   total 233160K, used 193191K [0x00000000d5550000, 0x00000000e3902000, 0x0000000100000000)
   the space 233160K,  82% used [0x00000000d5550000, 0x00000000e11f9e30, 0x00000000e11fa000, 0x00000000e3902000)
 Metaspace       used 6485K, capacity 7216K, committed 7296K, reserved 1056768K
  class space    used 591K, capacity 616K, committed 640K, reserved 1048576K
}
Event: 24.431 GC heap before
{Heap before GC invocations=55 (full 5):
 def new generation   total 105024K, used 104645K [0x00000000c0000000, 0x00000000c71f0000, 0x00000000d5550000)
  eden space 93376K, 100% used [0x00000000c0000000, 0x00000000c5b30000, 0x00000000c5b30000)
  from space 11648K,  96% used [0x00000000c6690000, 0x00000000c71915b0, 0x00000000c71f0000)
  to   space 11648K,   0% used [0x00000000c5b30000, 0x00000000c5b30000, 0x00000000c6690000)
 tenured generation   total 233160K, used 193191K [0x00000000d5550000, 0x00000000e3902000, 0x0000000100000000)
   the space 233160K,  82% used [0x00000000d5550000, 0x00000000e11f9e30, 0x00000000e11fa000, 0x00000000e3902000)
 Metaspace       used 6485K, capacity 7216K, committed 7296K, reserved 1056768K
  class space    used 591K, capacity 616K, committed 640K, reserved 1048576K
Event: 24.558 GC heap after
Heap after GC invocations=56 (full 5):
 def new generation   total 105024K, used 11647K [0x00000000c0000000, 0x00000000c71f0000, 0x00000000d5550000)
  eden space 93376K,   0% used [0x00000000c0000000, 0x00000000c0000000, 0x00000000c5b30000)
  from space 11648K,  99% used [0x00000000c5b30000, 0x00000000c668fff8, 0x00000000c6690000)
  to   space 11648K,   0% used [0x00000000c6690000, 0x00000000c6690000, 0x00000000c71f0000)
 tenured generation   total 233160K, used 204271K [0x00000000d5550000, 0x00000000e3902000, 0x0000000100000000)
   the space 233160K,  87% used [0x00000000d5550000, 0x00000000e1ccbc60, 0x00000000e1ccbe00, 0x00000000e3902000)
 Metaspace       used 6485K, capacity 7216K, committed 7296K, reserved 1056768K
  class space    used 591K, capacity 616K, committed 640K, reserved 1048576K
}
Event: 25.098 GC heap before
{Heap before GC invocations=56 (full 5):
 def new generation   total 105024K, used 105023K [0x00000000c0000000, 0x00000000c71f0000, 0x00000000d5550000)
  eden space 93376K, 100% used [0x00000000c0000000, 0x00000000c5b30000, 0x00000000c5b30000)
  from space 11648K,  99% used [0x00000000c5b30000, 0x00000000c668fff8, 0x00000000c6690000)
  to   space 11648K,   0% used [0x00000000c6690000, 0x00000000c6690000, 0x00000000c71f0000)
 tenured generation   total 233160K, used 204271K [0x00000000d5550000, 0x00000000e3902000, 0x0000000100000000)
   the space 233160K,  87% used [0x00000000d5550000, 0x00000000e1ccbc60, 0x00000000e1ccbe00, 0x00000000e3902000)
 Metaspace       used 6489K, capacity 7280K, committed 7552K, reserved 1056768K
  class space    used 591K, capacity 616K, committed 640K, reserved 1048576K
Event: 25.251 GC heap after
Heap after GC invocations=57 (full 5):
 def new generation   total 105024K, used 11648K [0x00000000c0000000, 0x00000000c71f0000, 0x00000000d5550000)
  eden space 93376K,   0% used [0x00000000c0000000, 0x00000000c0000000, 0x00000000c5b30000)
  from space 11648K, 100% used [0x00000000c6690000, 0x00000000c71f0000, 0x00000000c71f0000)
  to   space 11648K,   0% used [0x00000000c5b30000, 0x00000000c5b30000, 0x00000000c6690000)
 tenured generation   total 233160K, used 215921K [0x00000000d5550000, 0x00000000e3902000, 0x0000000100000000)
   the space 233160K,  92% used [0x00000000d5550000, 0x00000000e282c7e8, 0x00000000e282c800, 0x00000000e3902000)
 Metaspace       used 6489K, capacity 7280K, committed 7552K, reserved 1056768K
  class space    used 591K, capacity 616K, committed 640K, reserved 1048576K
}
Event: 31.526 GC heap before
{Heap before GC invocations=57 (full 5):
 def new generation   total 105024K, used 105024K [0x00000000c0000000, 0x00000000c71f0000, 0x00000000d5550000)
  eden space 93376K, 100% used [0x00000000c0000000, 0x00000000c5b30000, 0x00000000c5b30000)
  from space 11648K, 100% used [0x00000000c6690000, 0x00000000c71f0000, 0x00000000c71f0000)
  to   space 11648K,   0% used [0x00000000c5b30000, 0x00000000c5b30000, 0x00000000c6690000)
 tenured generation   total 233160K, used 215921K [0x00000000d5550000, 0x00000000e3902000, 0x0000000100000000)
   the space 233160K,  92% used [0x00000000d5550000, 0x00000000e282c7e8, 0x00000000e282c800, 0x00000000e3902000)
 Metaspace       used 6489K, capacity 7280K, committed 7552K, reserved 1056768K
  class space    used 591K, capacity 616K, committed 640K, reserved 1048576K

Deoptimization events (10 events):
Event: 9.497 Thread 0x00007fcc58157800 Uncommon trap: reason=bimorphic action=maybe_recompile pc=0x00007fcc496d218c method=com.android.dx.cf.code.BytecodeArray.parseInstruction(ILcom/android/dx/cf/code/BytecodeArray$Visitor;)I @ 2135
Event: 9.497 Thread 0x00007fcc58157800 Uncommon trap: reason=bimorphic action=maybe_recompile pc=0x00007fcc496d218c method=com.android.dx.cf.code.BytecodeArray.parseInstruction(ILcom/android/dx/cf/code/BytecodeArray$Visitor;)I @ 2135
Event: 9.763 Thread 0x00007fcc58156000 Uncommon trap: reason=bimorphic action=maybe_recompile pc=0x00007fcc496d28fc method=com.android.dx.cf.code.BytecodeArray.parseInstruction(ILcom/android/dx/cf/code/BytecodeArray$Visitor;)I @ 1597
Event: 9.763 Thread 0x00007fcc58156000 Uncommon trap: reason=bimorphic action=maybe_recompile pc=0x00007fcc496d28fc method=com.android.dx.cf.code.BytecodeArray.parseInstruction(ILcom/android/dx/cf/code/BytecodeArray$Visitor;)I @ 1597
Event: 12.222 Thread 0x00007fcc58156000 Uncommon trap: reason=unstable_if action=reinterpret pc=0x00007fcc49320928 method=java.util.HashMap.getNode(ILjava/lang/Object;)Ljava/util/HashMap$Node; @ 84
Event: 12.874 Thread 0x00007fcc58157800 Uncommon trap: reason=unstable_if action=reinterpret pc=0x00007fcc494ba6f0 method=java.util.HashMap.putVal(ILjava/lang/Object;Ljava/lang/Object;ZZ)Ljava/lang/Object; @ 109
Event: 18.392 Thread 0x00007fcc58152800 Uncommon trap: reason=bimorphic action=maybe_recompile pc=0x00007fcc497b7c64 method=com.android.dx.cf.code.BytecodeArray.parseInstruction(ILcom/android/dx/cf/code/BytecodeArray$Visitor;)I @ 1747
Event: 18.392 Thread 0x00007fcc58152800 Uncommon trap: reason=bimorphic action=maybe_recompile pc=0x00007fcc497b7c64 method=com.android.dx.cf.code.BytecodeArray.parseInstruction(ILcom/android/dx/cf/code/BytecodeArray$Visitor;)I @ 1747
Event: 24.087 Thread 0x00007fcc58157800 Uncommon trap: reason=bimorphic action=maybe_recompile pc=0x00007fcc4987335c method=com.android.dx.cf.code.BytecodeArray.parseInstruction(ILcom/android/dx/cf/code/BytecodeArray$Visitor;)I @ 1477
Event: 24.088 Thread 0x00007fcc58157800 Uncommon trap: reason=bimorphic action=maybe_recompile pc=0x00007fcc4987335c method=com.android.dx.cf.code.BytecodeArray.parseInstruction(ILcom/android/dx/cf/code/BytecodeArray$Visitor;)I @ 1477

Internal exceptions (5 events):
Event: 0.166 Thread 0x00007fcc5800a000 Exception <a 'java/lang/NoSuchMethodError': Method sun.misc.Unsafe.defineClass(Ljava/lang/String;[BII)Ljava/lang/Class; name or signature does not match> (0x00000000c0007c78) thrown at [/ssd/Android/AOSP-openjdk/external/jetbrains/jdk/hotspot/src/share/vm
Event: 0.166 Thread 0x00007fcc5800a000 Exception <a 'java/lang/NoSuchMethodError': Method sun.misc.Unsafe.prefetchRead(Ljava/lang/Object;J)V name or signature does not match> (0x00000000c0007f60) thrown at [/ssd/Android/AOSP-openjdk/external/jetbrains/jdk/hotspot/src/share/vm/prims/jni.cpp, li
Event: 4.836 Thread 0x00007fcc58152800 Exception <a 'java/lang/ArrayIndexOutOfBoundsException': 18> (0x00000000c0814c00) thrown at [/ssd/Android/AOSP-openjdk/external/jetbrains/jdk/hotspot/src/share/vm/interpreter/interpreterRuntime.cpp, line 366]
Event: 4.841 Thread 0x00007fcc58152800 Exception <a 'java/lang/ArrayIndexOutOfBoundsException': 145> (0x00000000c0816780) thrown at [/ssd/Android/AOSP-openjdk/external/jetbrains/jdk/hotspot/src/share/vm/interpreter/interpreterRuntime.cpp, line 366]
Event: 4.843 Thread 0x00007fcc58152800 Exception <a 'java/lang/ArrayIndexOutOfBoundsException': 40> (0x00000000c0817a68) thrown at [/ssd/Android/AOSP-openjdk/external/jetbrains/jdk/hotspot/src/share/vm/interpreter/interpreterRuntime.cpp, line 366]

Events (10 events):
Event: 25.018 Thread 0x00007fcc58156000 DEOPT UNPACKING pc=0x00007fcc49047373 sp=0x00007fcc4351a8a8 mode 0
Event: 25.090 Thread 0x00007fcc58159000 DEOPT PACKING pc=0x00007fcc492e9dec sp=0x00007fcc43318a40
Event: 25.090 Thread 0x00007fcc58159000 DEOPT UNPACKING pc=0x00007fcc49047373 sp=0x00007fcc43318788 mode 0
Event: 25.090 Thread 0x00007fcc58159000 DEOPT PACKING pc=0x00007fcc492e9dec sp=0x00007fcc43318cb0
Event: 25.090 Thread 0x00007fcc58159000 DEOPT UNPACKING pc=0x00007fcc49047373 sp=0x00007fcc433189f8 mode 0
Event: 25.091 Executing VM operation: GenCollectForAllocation
Event: 25.316 Executing VM operation: GenCollectForAllocation done
Event: 25.564 Thread 0x00007fcc58159000 DEOPT PACKING pc=0x00007fcc493672a8 sp=0x00007fcc43319140
Event: 25.566 Thread 0x00007fcc58159000 DEOPT UNPACKING pc=0x00007fcc49047373 sp=0x00007fcc43318e70 mode 0
Event: 31.526 Executing VM operation: GenCollectForAllocation


Dynamic libraries:
00400000-00401000 r-xp 00000000 08:01 1841732                            /opt/android-studio/jre/bin/java
00600000-00601000 r--p 00000000 08:01 1841732                            /opt/android-studio/jre/bin/java
00601000-00602000 rw-p 00001000 08:01 1841732                            /opt/android-studio/jre/bin/java
021da000-021fb000 rw-p 00000000 00:00 0                                  [heap]
c0000000-c71f0000 rw-p 00000000 00:00 0 
c71f0000-d5550000 ---p 00000000 00:00 0 
d5550000-e61e2000 rw-p 00000000 00:00 0 
f14e6000-100000000 ---p 00000000 00:00 0 
100000000-1000a0000 rw-p 00000000 00:00 0 
1000a0000-140000000 ---p 00000000 00:00 0 
7fcc28000000-7fcc28b67000 rw-p 00000000 00:00 0 
7fcc28b67000-7fcc2c000000 ---p 00000000 00:00 0 
7fcc2c000000-7fcc2c029000 rw-p 00000000 00:00 0 
7fcc2c029000-7fcc30000000 ---p 00000000 00:00 0 
7fcc30000000-7fcc3002f000 rw-p 00000000 00:00 0 
7fcc3002f000-7fcc34000000 ---p 00000000 00:00 0 
7fcc34000000-7fcc35267000 rw-p 00000000 00:00 0 
7fcc35267000-7fcc38000000 ---p 00000000 00:00 0 
7fcc38000000-7fcc38032000 rw-p 00000000 00:00 0 
7fcc38032000-7fcc3c000000 ---p 00000000 00:00 0 
7fcc3c000000-7fcc3c021000 rw-p 00000000 00:00 0 
7fcc3c021000-7fcc40000000 ---p 00000000 00:00 0 
7fcc4321a000-7fcc4321d000 ---p 00000000 00:00 0 
7fcc4321d000-7fcc4331b000 rw-p 00000000 00:00 0 
7fcc4331b000-7fcc4331e000 ---p 00000000 00:00 0 
7fcc4331e000-7fcc4341c000 rw-p 00000000 00:00 0 
7fcc4341c000-7fcc4341f000 ---p 00000000 00:00 0 
7fcc4341f000-7fcc4351d000 rw-p 00000000 00:00 0 
7fcc4351d000-7fcc43520000 ---p 00000000 00:00 0 
7fcc43520000-7fcc4361e000 rw-p 00000000 00:00 0 
7fcc4361e000-7fcc43621000 ---p 00000000 00:00 0 
7fcc43621000-7fcc4371f000 rw-p 00000000 00:00 0 
7fcc4371f000-7fcc43720000 ---p 00000000 00:00 0 
7fcc43720000-7fcc43820000 rw-p 00000000 00:00 0 
7fcc43820000-7fcc43823000 ---p 00000000 00:00 0 
7fcc43823000-7fcc43921000 rw-p 00000000 00:00 0 
7fcc43921000-7fcc43924000 ---p 00000000 00:00 0 
7fcc43924000-7fcc43a22000 rw-p 00000000 00:00 0 
7fcc43a22000-7fcc43a25000 ---p 00000000 00:00 0 
7fcc43a25000-7fcc43b23000 rw-p 00000000 00:00 0 
7fcc43b23000-7fcc43b26000 ---p 00000000 00:00 0 
7fcc43b26000-7fcc43c24000 rw-p 00000000 00:00 0 
7fcc43c24000-7fcc43eff000 r--p 00000000 08:01 4990966                    /usr/lib/locale/locale-archive
7fcc43eff000-7fcc43f02000 ---p 00000000 00:00 0 
7fcc43f02000-7fcc44000000 rw-p 00000000 00:00 0 
7fcc44000000-7fcc4437f000 rw-p 00000000 00:00 0 
7fcc4437f000-7fcc48000000 ---p 00000000 00:00 0 
7fcc48062000-7fcc48065000 ---p 00000000 00:00 0 
7fcc48065000-7fcc48163000 rw-p 00000000 00:00 0 
7fcc48163000-7fcc48164000 ---p 00000000 00:00 0 
7fcc48164000-7fcc48264000 rw-p 00000000 00:00 0 
7fcc48264000-7fcc48433000 r--s 03c1b000 08:01 1841789                    /opt/android-studio/jre/jre/lib/rt.jar
7fcc48433000-7fcc48b69000 rw-p 00000000 00:00 0 
7fcc48b69000-7fcc48ca9000 ---p 00000000 00:00 0 
7fcc48ca9000-7fcc48d30000 rw-p 00000000 00:00 0 
7fcc48d30000-7fcc48dff000 ---p 00000000 00:00 0 
7fcc48dff000-7fcc48e38000 rw-p 00000000 00:00 0 
7fcc48e38000-7fcc48ea9000 ---p 00000000 00:00 0 
7fcc48ea9000-7fcc48f30000 rw-p 00000000 00:00 0 
7fcc48f30000-7fcc48fff000 ---p 00000000 00:00 0 
7fcc48fff000-7fcc49000000 rw-p 00000000 00:00 0 
7fcc49000000-7fcc498f0000 rwxp 00000000 00:00 0 
7fcc498f0000-7fcc58000000 ---p 00000000 00:00 0 
7fcc58000000-7fcc5837b000 rw-p 00000000 00:00 0 
7fcc5837b000-7fcc5c000000 ---p 00000000 00:00 0 
7fcc5c035000-7fcc5c075000 r--s 00283000 08:01 4587845                    /home/cynh/workspace/PodcastDownloader/PodcastGrossesTetes/app/build/intermediates/transforms/proguard/release/jars/3/1f/main.jar
7fcc5c075000-7fcc5c099000 rw-p 00000000 00:00 0 
7fcc5c099000-7fcc5c435000 ---p 00000000 00:00 0 
7fcc5c435000-7fcc5c44f000 r-xp 00000000 08:01 1841816                    /opt/android-studio/jre/jre/lib/amd64/libzip.so
7fcc5c44f000-7fcc5c64f000 ---p 0001a000 08:01 1841816                    /opt/android-studio/jre/jre/lib/amd64/libzip.so
7fcc5c64f000-7fcc5c650000 r--p 0001a000 08:01 1841816                    /opt/android-studio/jre/jre/lib/amd64/libzip.so
7fcc5c650000-7fcc5c651000 rw-p 0001b000 08:01 1841816                    /opt/android-studio/jre/jre/lib/amd64/libzip.so
7fcc5c651000-7fcc5c65c000 r-xp 00000000 08:01 1452947                    /lib/x86_64-linux-gnu/libnss_files-2.24.so
7fcc5c65c000-7fcc5c85b000 ---p 0000b000 08:01 1452947                    /lib/x86_64-linux-gnu/libnss_files-2.24.so
7fcc5c85b000-7fcc5c85c000 r--p 0000a000 08:01 1452947                    /lib/x86_64-linux-gnu/libnss_files-2.24.so
7fcc5c85c000-7fcc5c85d000 rw-p 0000b000 08:01 1452947                    /lib/x86_64-linux-gnu/libnss_files-2.24.so
7fcc5c85d000-7fcc5c863000 rw-p 00000000 00:00 0 
7fcc5c863000-7fcc5c86e000 r-xp 00000000 08:01 1452949                    /lib/x86_64-linux-gnu/libnss_nis-2.24.so
7fcc5c86e000-7fcc5ca6d000 ---p 0000b000 08:01 1452949                    /lib/x86_64-linux-gnu/libnss_nis-2.24.so
7fcc5ca6d000-7fcc5ca6e000 r--p 0000a000 08:01 1452949                    /lib/x86_64-linux-gnu/libnss_nis-2.24.so
7fcc5ca6e000-7fcc5ca6f000 rw-p 0000b000 08:01 1452949                    /lib/x86_64-linux-gnu/libnss_nis-2.24.so
7fcc5ca6f000-7fcc5ca85000 r-xp 00000000 08:01 1452599                    /lib/x86_64-linux-gnu/libnsl-2.24.so
7fcc5ca85000-7fcc5cc84000 ---p 00016000 08:01 1452599                    /lib/x86_64-linux-gnu/libnsl-2.24.so
7fcc5cc84000-7fcc5cc85000 r--p 00015000 08:01 1452599                    /lib/x86_64-linux-gnu/libnsl-2.24.so
7fcc5cc85000-7fcc5cc86000 rw-p 00016000 08:01 1452599                    /lib/x86_64-linux-gnu/libnsl-2.24.so
7fcc5cc86000-7fcc5cc88000 rw-p 00000000 00:00 0 
7fcc5cc88000-7fcc5cc90000 r-xp 00000000 08:01 1452600                    /lib/x86_64-linux-gnu/libnss_compat-2.24.so
7fcc5cc90000-7fcc5ce8f000 ---p 00008000 08:01 1452600                    /lib/x86_64-linux-gnu/libnss_compat-2.24.so
7fcc5ce8f000-7fcc5ce90000 r--p 00007000 08:01 1452600                    /lib/x86_64-linux-gnu/libnss_compat-2.24.so
7fcc5ce90000-7fcc5ce91000 rw-p 00008000 08:01 1452600                    /lib/x86_64-linux-gnu/libnss_compat-2.24.so
7fcc5ce91000-7fcc5cebe000 r-xp 00000000 08:01 1841826                    /opt/android-studio/jre/jre/lib/amd64/libjava.so
7fcc5cebe000-7fcc5d0bd000 ---p 0002d000 08:01 1841826                    /opt/android-studio/jre/jre/lib/amd64/libjava.so
7fcc5d0bd000-7fcc5d0be000 r--p 0002c000 08:01 1841826                    /opt/android-studio/jre/jre/lib/amd64/libjava.so
7fcc5d0be000-7fcc5d0c0000 rw-p 0002d000 08:01 1841826                    /opt/android-studio/jre/jre/lib/amd64/libjava.so
7fcc5d0c0000-7fcc5d0d0000 r-xp 00000000 08:01 1841842                    /opt/android-studio/jre/jre/lib/amd64/libverify.so
7fcc5d0d0000-7fcc5d2cf000 ---p 00010000 08:01 1841842                    /opt/android-studio/jre/jre/lib/amd64/libverify.so
7fcc5d2cf000-7fcc5d2d1000 r--p 0000f000 08:01 1841842                    /opt/android-studio/jre/jre/lib/amd64/libverify.so
7fcc5d2d1000-7fcc5d2d2000 rw-p 00011000 08:01 1841842                    /opt/android-studio/jre/jre/lib/amd64/libverify.so
7fcc5d2d2000-7fcc5d2d9000 r-xp 00000000 08:01 1452954                    /lib/x86_64-linux-gnu/librt-2.24.so
7fcc5d2d9000-7fcc5d4d8000 ---p 00007000 08:01 1452954                    /lib/x86_64-linux-gnu/librt-2.24.so
7fcc5d4d8000-7fcc5d4d9000 r--p 00006000 08:01 1452954                    /lib/x86_64-linux-gnu/librt-2.24.so
7fcc5d4d9000-7fcc5d4da000 rw-p 00007000 08:01 1452954                    /lib/x86_64-linux-gnu/librt-2.24.so
7fcc5d4da000-7fcc5d5e2000 r-xp 00000000 08:01 1447033                    /lib/x86_64-linux-gnu/libm-2.24.so
7fcc5d5e2000-7fcc5d7e1000 ---p 00108000 08:01 1447033                    /lib/x86_64-linux-gnu/libm-2.24.so
7fcc5d7e1000-7fcc5d7e2000 r--p 00107000 08:01 1447033                    /lib/x86_64-linux-gnu/libm-2.24.so
7fcc5d7e2000-7fcc5d7e3000 rw-p 00108000 08:01 1447033                    /lib/x86_64-linux-gnu/libm-2.24.so
7fcc5d7e3000-7fcc5e3d4000 r-xp 00000000 08:01 1841846                    /opt/android-studio/jre/jre/lib/amd64/server/libjvm.so
7fcc5e3d4000-7fcc5e5d4000 ---p 00bf1000 08:01 1841846                    /opt/android-studio/jre/jre/lib/amd64/server/libjvm.so
7fcc5e5d4000-7fcc5e673000 r--p 00bf1000 08:01 1841846                    /opt/android-studio/jre/jre/lib/amd64/server/libjvm.so
7fcc5e673000-7fcc5e69c000 rw-p 00c90000 08:01 1841846                    /opt/android-studio/jre/jre/lib/amd64/server/libjvm.so
7fcc5e69c000-7fcc5e6e0000 rw-p 00000000 00:00 0 
7fcc5e6e0000-7fcc5e6f8000 r-xp 00000000 08:01 1452952                    /lib/x86_64-linux-gnu/libpthread-2.24.so
7fcc5e6f8000-7fcc5e8f8000 ---p 00018000 08:01 1452952                    /lib/x86_64-linux-gnu/libpthread-2.24.so
7fcc5e8f8000-7fcc5e8f9000 r--p 00018000 08:01 1452952                    /lib/x86_64-linux-gnu/libpthread-2.24.so
7fcc5e8f9000-7fcc5e8fa000 rw-p 00019000 08:01 1452952                    /lib/x86_64-linux-gnu/libpthread-2.24.so
7fcc5e8fa000-7fcc5e8fe000 rw-p 00000000 00:00 0 
7fcc5e8fe000-7fcc5e901000 r-xp 00000000 08:01 1447032                    /lib/x86_64-linux-gnu/libdl-2.24.so
7fcc5e901000-7fcc5eb00000 ---p 00003000 08:01 1447032                    /lib/x86_64-linux-gnu/libdl-2.24.so
7fcc5eb00000-7fcc5eb01000 r--p 00002000 08:01 1447032                    /lib/x86_64-linux-gnu/libdl-2.24.so
7fcc5eb01000-7fcc5eb02000 rw-p 00003000 08:01 1447032                    /lib/x86_64-linux-gnu/libdl-2.24.so
7fcc5eb02000-7fcc5ecc0000 r-xp 00000000 08:01 1447029                    /lib/x86_64-linux-gnu/libc-2.24.so
7fcc5ecc0000-7fcc5eebf000 ---p 001be000 08:01 1447029                    /lib/x86_64-linux-gnu/libc-2.24.so
7fcc5eebf000-7fcc5eec3000 r--p 001bd000 08:01 1447029                    /lib/x86_64-linux-gnu/libc-2.24.so
7fcc5eec3000-7fcc5eec5000 rw-p 001c1000 08:01 1447029                    /lib/x86_64-linux-gnu/libc-2.24.so
7fcc5eec5000-7fcc5eec9000 rw-p 00000000 00:00 0 
7fcc5eec9000-7fcc5eedf000 r-xp 00000000 08:01 1841706                    /opt/android-studio/jre/lib/amd64/jli/libjli.so
7fcc5eedf000-7fcc5f0de000 ---p 00016000 08:01 1841706                    /opt/android-studio/jre/lib/amd64/jli/libjli.so
7fcc5f0de000-7fcc5f0df000 r--p 00015000 08:01 1841706                    /opt/android-studio/jre/lib/amd64/jli/libjli.so
7fcc5f0df000-7fcc5f0e0000 rw-p 00016000 08:01 1841706                    /opt/android-studio/jre/lib/amd64/jli/libjli.so
7fcc5f0e0000-7fcc5f106000 r-xp 00000000 08:01 1447025                    /lib/x86_64-linux-gnu/ld-2.24.so
7fcc5f114000-7fcc5f1e5000 rw-p 00000000 00:00 0 
7fcc5f1e5000-7fcc5f1e8000 ---p 00000000 00:00 0 
7fcc5f1e8000-7fcc5f2e8000 rw-p 00000000 00:00 0 
7fcc5f2e9000-7fcc5f2f8000 r--s 000ed000 08:01 3283964                    /home/cynh/Android/Sdk/build-tools/26.0.2/lib/dx.jar
7fcc5f2f8000-7fcc5f300000 rw-s 00000000 08:01 3155324                    /tmp/hsperfdata_cynh/42235
7fcc5f300000-7fcc5f301000 rw-p 00000000 00:00 0 
7fcc5f301000-7fcc5f302000 ---p 00000000 00:00 0 
7fcc5f302000-7fcc5f305000 rw-p 00000000 00:00 0 
7fcc5f305000-7fcc5f306000 r--p 00025000 08:01 1447025                    /lib/x86_64-linux-gnu/ld-2.24.so
7fcc5f306000-7fcc5f307000 rw-p 00026000 08:01 1447025                    /lib/x86_64-linux-gnu/ld-2.24.so
7fcc5f307000-7fcc5f308000 rw-p 00000000 00:00 0 
7fff14f39000-7fff14f5a000 rw-p 00000000 00:00 0                          [stack]
7fff14f83000-7fff14f85000 r--p 00000000 00:00 0                          [vvar]
7fff14f85000-7fff14f87000 r-xp 00000000 00:00 0                          [vdso]
ffffffffff600000-ffffffffff601000 r-xp 00000000 00:00 0                  [vsyscall]

VM Arguments:
jvm_args: -Djava.awt.headless=true -Xmx1024M -Dfile.encoding=UTF-8 -Duser.country=US -Duser.language=en -Duser.variant 
java_command: com.android.dx.command.Main --dex --num-threads=4 --output /home/cynh/workspace/PodcastDownloader/PodcastGrossesTetes/app/build/intermediates/transforms/dex/release/folders/1000/1f/main /home/cynh/workspace/PodcastDownloader/PodcastGrossesTetes/app/build/intermediates/transforms/proguard/release/jars/3/1f/main.jar
java_class_path (initial): /home/cynh/Android/Sdk/build-tools/26.0.2/lib/dx.jar
Launcher Type: SUN_STANDARD

Environment Variables:
PATH=/usr/local/sbin:/usr/local/bin:/usr/sbin:/usr/bin:/sbin:/bin:/usr/games:/usr/local/games:/snap/bin
SHELL=/bin/bash
DISPLAY=:0

Signal Handlers:
SIGSEGV: [libjvm.so+0x9e5150], sa_mask[0]=11111111011111111101111111111110, sa_flags=SA_RESTART|SA_SIGINFO
SIGBUS: [libjvm.so+0x9e5150], sa_mask[0]=11111111011111111101111111111110, sa_flags=SA_RESTART|SA_SIGINFO
SIGFPE: [libjvm.so+0x848450], sa_mask[0]=11111111011111111101111111111110, sa_flags=SA_RESTART|SA_SIGINFO
SIGPIPE: [libjvm.so+0x848450], sa_mask[0]=11111111011111111101111111111110, sa_flags=SA_RESTART|SA_SIGINFO
SIGXFSZ: [libjvm.so+0x848450], sa_mask[0]=11111111011111111101111111111110, sa_flags=SA_RESTART|SA_SIGINFO
SIGILL: [libjvm.so+0x848450], sa_mask[0]=11111111011111111101111111111110, sa_flags=SA_RESTART|SA_SIGINFO
SIGUSR1: SIG_DFL, sa_mask[0]=00000000000000000000000000000000, sa_flags=none
SIGUSR2: [libjvm.so+0x848320], sa_mask[0]=00100000000000000000000000000000, sa_flags=SA_RESTART|SA_SIGINFO
SIGHUP: [libjvm.so+0x848510], sa_mask[0]=11111111011111111101111111111110, sa_flags=SA_RESTART|SA_SIGINFO
SIGINT: [libjvm.so+0x848510], sa_mask[0]=11111111011111111101111111111110, sa_flags=SA_RESTART|SA_SIGINFO
SIGTERM: [libjvm.so+0x848510], sa_mask[0]=11111111011111111101111111111110, sa_flags=SA_RESTART|SA_SIGINFO
SIGQUIT: [libjvm.so+0x848510], sa_mask[0]=11111111011111111101111111111110, sa_flags=SA_RESTART|SA_SIGINFO


---------------  S Y S T E M  ---------------

OS:DISTRIB_ID=Ubuntu
DISTRIB_RELEASE=17.04
DISTRIB_CODENAME=zesty
DISTRIB_DESCRIPTION="Ubuntu 17.04"

uname:Linux 4.10.0-38-generic #42-Ubuntu SMP Tue Oct 10 13:24:27 UTC 2017 x86_64
libc:glibc 2.24 NPTL 2.24 
rlimit: STACK 8192k, CORE 0k, NPROC 7739, NOFILE 4096, AS infinity
load average:2.82 1.53 1.17

/proc/meminfo:
MemTotal:        2027028 kB
MemFree:           68732 kB
MemAvailable:      23912 kB
Buffers:            5892 kB
Cached:            22600 kB
SwapCached:        17928 kB
Active:          1045924 kB
Inactive:         360348 kB
Active(anon):    1033656 kB
Inactive(anon):   344684 kB
Active(file):      12268 kB
Inactive(file):    15664 kB
Unevictable:          48 kB
Mlocked:              48 kB
SwapTotal:       2097148 kB
SwapFree:            156 kB
Dirty:                36 kB
Writeback:             0 kB
AnonPages:       1359972 kB
Mapped:            17272 kB
Shmem:               532 kB
Slab:              90796 kB
SReclaimable:      32920 kB
SUnreclaim:        57876 kB
KernelStack:       12640 kB
PageTables:        40708 kB
NFS_Unstable:          0 kB
Bounce:                0 kB
WritebackTmp:          0 kB
CommitLimit:     3110660 kB
Committed_AS:    6923008 kB
VmallocTotal:   34359738367 kB
VmallocUsed:           0 kB
VmallocChunk:          0 kB
HardwareCorrupted:     0 kB
AnonHugePages:    321536 kB
ShmemHugePages:        0 kB
ShmemPmdMapped:        0 kB
CmaTotal:              0 kB
CmaFree:               0 kB
HugePages_Total:       0
HugePages_Free:        0
HugePages_Rsvd:        0
HugePages_Surp:        0
Hugepagesize:       2048 kB
DirectMap4k:      411520 kB
DirectMap2M:     1685504 kB
DirectMap1G:           0 kB


CPU:total 1 (1 cores per cpu, 1 threads per core) family 6 model 142 stepping 9, cmov, cx8, fxsr, mmx, sse, sse2, sse3, ssse3, sse4.1, sse4.2, popcnt, avx, avx2, aes, clmul, erms, 3dnowpref, lzcnt, tsc, tscinvbit, bmi1, bmi2, adx

/proc/cpuinfo:
processor	: 0
vendor_id	: GenuineIntel
cpu family	: 6
model		: 142
model name	: Intel(R) Core(TM) i5-7200U CPU @ 2.50GHz
stepping	: 9
microcode	: 0x3c
cpu MHz		: 2712.002
cache size	: 3072 KB
physical id	: 0
siblings	: 1
core id		: 0
cpu cores	: 1
apicid		: 0
initial apicid	: 0
fpu		: yes
fpu_exception	: yes
cpuid level	: 22
wp		: yes
flags		: fpu vme de pse tsc msr pae mce cx8 apic sep mtrr pge mca cmov pat pse36 clflush dts mmx fxsr sse sse2 ss syscall nx pdpe1gb rdtscp lm constant_tsc arch_perfmon pebs bts nopl xtopology tsc_reliable nonstop_tsc aperfmperf pni pclmulqdq ssse3 fma cx16 pcid sse4_1 sse4_2 x2apic movbe popcnt tsc_deadline_timer aes xsave avx f16c rdrand hypervisor lahf_lm abm 3dnowprefetch epb fsgsbase tsc_adjust bmi1 avx2 smep bmi2 invpcid rdseed adx smap xsaveopt dtherm ida arat pln pts hwp hwp_notify hwp_act_window hwp_epp
bugs		:
bogomips	: 5424.00
clflush size	: 64
cache_alignment	: 64
address sizes	: 42 bits physical, 48 bits virtual
power management:



Memory: 4k page, physical 2027028k(68732k free), swap 2097148k(156k free)

vm_info: OpenJDK 64-Bit Server VM (25.112-b06) for linux-amd64 JRE (1.8.0_112-release-b06), built on Dec  6 2016 12:11:18 by "builder" with gcc 4.8.4

time: Tue Nov 14 05:20:43 2017
elapsed time: 34 seconds (0d 0h 0m 34s)

