#
# There is insufficient memory for the Java Runtime Environment to continue.
# Native memory allocation (mmap) failed to map 168337408 bytes for committing reserved memory.
# Possible reasons:
#   The system is out of physical RAM or swap space
#   In 32 bit mode, the process size limit was hit
# Possible solutions:
#   Reduce memory load on the system
#   Increase physical memory or swap space
#   Check if swap backing store is full
#   Use 64 bit Java on a 64 bit OS
#   Decrease Java heap size (-Xmx/-Xms)
#   Decrease number of Java threads
#   Decrease Java thread stack sizes (-Xss)
#   Set larger code cache with -XX:ReservedCodeCacheSize=
# This output file may be truncated or incomplete.
#
#  Out of Memory Error (os_linux.cpp:2627), pid=42177, tid=0x00007fe2b7aeb700
#
# JRE version: OpenJDK Runtime Environment (8.0_112-b06) (build 1.8.0_112-release-b06)
# Java VM: OpenJDK 64-Bit Server VM (25.112-b06 mixed mode linux-amd64 compressed oops)
# Failed to write core dump. Core dumps have been disabled. To enable core dumping, try "ulimit -c unlimited" before starting Java again
#

---------------  T H R E A D  ---------------

Current thread (0x00007fe2c806e000):  VMThread [stack: 0x00007fe2b79eb000,0x00007fe2b7aec000] [id=42182]

Stack: [0x00007fe2b79eb000,0x00007fe2b7aec000],  sp=0x00007fe2b7aea580,  free space=1021k
Native frames: (J=compiled Java code, j=interpreted, Vv=VM code, C=native code)
V  [libjvm.so+0x9e465d]  VMError::report_and_die()+0x15d
V  [libjvm.so+0x4b6ada]  report_vm_out_of_memory(char const*, int, unsigned long, VMErrorType, char const*)+0x8a
V  [libjvm.so+0x84c860]  os::pd_commit_memory(char*, unsigned long, unsigned long, bool)+0xf0
V  [libjvm.so+0x84737f]  os::commit_memory(char*, unsigned long, unsigned long, bool)+0x1f
V  [libjvm.so+0x9e1514]  VirtualSpace::expand_by(unsigned long, bool)+0x1b4
V  [libjvm.so+0x59ec6e]  OneContigSpaceCardGeneration::grow_by(unsigned long)+0x1e
V  [libjvm.so+0x59efa5]  OneContigSpaceCardGeneration::expand(unsigned long, unsigned long)+0x85
V  [libjvm.so+0x58fef0]  GenCollectedHeap::do_collection(bool, bool, unsigned long, bool, int)+0x780
V  [libjvm.so+0x44a502]  GenCollectorPolicy::satisfy_failed_allocation(unsigned long, bool)+0xb2
V  [libjvm.so+0x9e5651]  VM_GenCollectForAllocation::doit()+0x81
V  [libjvm.so+0x9ea537]  VM_Operation::evaluate()+0x47
V  [libjvm.so+0x9e8ff8]  VMThread::evaluate_operation(VM_Operation*)+0x2c8
V  [libjvm.so+0x9e9479]  VMThread::loop()+0x219
V  [libjvm.so+0x9e98c2]  VMThread::run()+0x72
V  [libjvm.so+0x849c82]  java_start(Thread*)+0xf2

VM_Operation (0x00007fe2cebb1600): GenCollectForAllocation, mode: safepoint, requested by thread 0x00007fe2c800a000


---------------  P R O C E S S  ---------------

Java Threads: ( => current thread )
  0x00007fe2c8139000 JavaThread "pool-1-thread-4" [_thread_blocked, id=42194, stack(0x00007fe2b6b04000,0x00007fe2b6c05000)]
  0x00007fe2c8137000 JavaThread "pool-1-thread-3" [_thread_blocked, id=42193, stack(0x00007fe2b6c05000,0x00007fe2b6d06000)]
  0x00007fe2c8135800 JavaThread "pool-1-thread-2" [_thread_blocked, id=42192, stack(0x00007fe2b6d06000,0x00007fe2b6e07000)]
  0x00007fe2c8133800 JavaThread "pool-2-thread-1" [_thread_blocked, id=42191, stack(0x00007fe2b6e07000,0x00007fe2b6f08000)]
  0x00007fe2c8132800 JavaThread "pool-1-thread-1" [_thread_blocked, id=42190, stack(0x00007fe2b6f08000,0x00007fe2b7009000)]
  0x00007fe2c80b4000 JavaThread "Service Thread" daemon [_thread_blocked, id=42188, stack(0x00007fe2b710a000,0x00007fe2b720b000)]
  0x00007fe2c80b1000 JavaThread "C1 CompilerThread1" daemon [_thread_blocked, id=42187, stack(0x00007fe2b720b000,0x00007fe2b730c000)]
  0x00007fe2c80ae800 JavaThread "C2 CompilerThread0" daemon [_thread_blocked, id=42186, stack(0x00007fe2b730c000,0x00007fe2b740d000)]
  0x00007fe2c80ad800 JavaThread "Signal Dispatcher" daemon [_thread_blocked, id=42185, stack(0x00007fe2b740d000,0x00007fe2b750e000)]
  0x00007fe2c807a000 JavaThread "Finalizer" daemon [_thread_blocked, id=42184, stack(0x00007fe2b77e9000,0x00007fe2b78ea000)]
  0x00007fe2c8075800 JavaThread "Reference Handler" daemon [_thread_blocked, id=42183, stack(0x00007fe2b78ea000,0x00007fe2b79eb000)]
  0x00007fe2c800a000 JavaThread "main" [_thread_blocked, id=42181, stack(0x00007fe2ceab3000,0x00007fe2cebb4000)]

Other Threads:
=>0x00007fe2c806e000 VMThread [stack: 0x00007fe2b79eb000,0x00007fe2b7aec000] [id=42182]
  0x00007fe2c80b7000 WatcherThread [stack: 0x00007fe2b7009000,0x00007fe2b710a000] [id=42189]

VM state:at safepoint (normal execution)

VM Mutex/Monitor currently owned by a thread:  ([mutex/lock_event])
[0x00007fe2c80064d0] Threads_lock - owner thread: 0x00007fe2c806e000
[0x00007fe2c80069d0] Heap_lock - owner thread: 0x00007fe2c800a000

Heap:
 def new generation   total 107840K, used 11863K [0x00000000c0000000, 0x00000000c7500000, 0x00000000d5550000)
  eden space 95872K,  12% used [0x00000000c0000000, 0x00000000c0b95cc8, 0x00000000c5da0000)
  from space 11968K,   0% used [0x00000000c6950000, 0x00000000c6950000, 0x00000000c7500000)
  to   space 11968K,   0% used [0x00000000c5da0000, 0x00000000c5da0000, 0x00000000c6950000)
 tenured generation   total 246584K, used 246583K [0x00000000d5550000, 0x00000000e461e000, 0x0000000100000000)
   the space 246584K,  99% used [0x00000000d5550000, 0x00000000e461dff8, 0x00000000e461e000, 0x00000000e461e000)
 Metaspace       used 6509K, capacity 7280K, committed 7552K, reserved 1056768K
  class space    used 592K, capacity 616K, committed 640K, reserved 1048576K

Card table byte_map: [0x00007fe2b8611000,0x00007fe2b8812000] byte_map_base: 0x00007fe2b8011000

Polling page: 0x00007fe2cebcf000

CodeCache: size=245760Kb used=9367Kb max_used=9404Kb free=236392Kb
 bounds [0x00007fe2b8bd2000, 0x00007fe2b9522000, 0x00007fe2c7bd2000]
 total_blobs=2397 nmethods=2128 adapters=183
 compilation: enabled

Compilation events (10 events):
Event: 35.429 Thread 0x00007fe2c80ae800 nmethod 2954 0x00007fe2b94e78d0 code [0x00007fe2b94e7ca0, 0x00007fe2b94e9d60]
Event: 35.429 Thread 0x00007fe2c80ae800 3030       4       com.android.dx.ssa.BasicRegisterMapper::addMapping (68 bytes)
Event: 35.457 Thread 0x00007fe2c80ae800 nmethod 3030 0x00007fe2b8e07850 code [0x00007fe2b8e079c0, 0x00007fe2b8e07e38]
Event: 35.457 Thread 0x00007fe2c80ae800 3055       4       com.android.dx.cf.iface.StdAttributeList::findFirst (44 bytes)
Event: 35.469 Thread 0x00007fe2c80ae800 nmethod 3055 0x00007fe2b8dc09d0 code [0x00007fe2b8dc0b40, 0x00007fe2b8dc0e58]
Event: 35.469 Thread 0x00007fe2c80ae800 2999   !   4       com.android.dx.cf.code.Ropper::processBlock (1101 bytes)
Event: 37.861 Thread 0x00007fe2c80ae800 nmethod 2999 0x00007fe2b9509f10 code [0x00007fe2b950a880, 0x00007fe2b9513d08]
Event: 37.862 Thread 0x00007fe2c80ae800 3023       4       com.android.dx.ssa.SsaMethod::mapRegisters (87 bytes)
Event: 37.932 Thread 0x00007fe2c80ae800 nmethod 3023 0x00007fe2b94e4810 code [0x00007fe2b94e4a80, 0x00007fe2b94e5ad0]
Event: 37.937 Thread 0x00007fe2c80ae800 2862       4       com.android.dx.ssa.SCCP::simulatePhi (169 bytes)

GC Heap History (10 events):
Event: 30.521 GC heap after
Heap after GC invocations=53 (full 5):
 def new generation   total 107840K, used 11967K [0x00000000c0000000, 0x00000000c7500000, 0x00000000d5550000)
  eden space 95872K,   0% used [0x00000000c0000000, 0x00000000c0000000, 0x00000000c5da0000)
  from space 11968K,  99% used [0x00000000c5da0000, 0x00000000c694fff8, 0x00000000c6950000)
  to   space 11968K,   0% used [0x00000000c6950000, 0x00000000c6950000, 0x00000000c7500000)
 tenured generation   total 239480K, used 165192K [0x00000000d5550000, 0x00000000e3f2e000, 0x0000000100000000)
   the space 239480K,  68% used [0x00000000d5550000, 0x00000000df6a20f0, 0x00000000df6a2200, 0x00000000e3f2e000)
 Metaspace       used 6494K, capacity 7280K, committed 7552K, reserved 1056768K
  class space    used 592K, capacity 616K, committed 640K, reserved 1048576K
}
Event: 31.439 GC heap before
{Heap before GC invocations=53 (full 5):
 def new generation   total 107840K, used 107839K [0x00000000c0000000, 0x00000000c7500000, 0x00000000d5550000)
  eden space 95872K, 100% used [0x00000000c0000000, 0x00000000c5da0000, 0x00000000c5da0000)
  from space 11968K,  99% used [0x00000000c5da0000, 0x00000000c694fff8, 0x00000000c6950000)
  to   space 11968K,   0% used [0x00000000c6950000, 0x00000000c6950000, 0x00000000c7500000)
 tenured generation   total 239480K, used 165192K [0x00000000d5550000, 0x00000000e3f2e000, 0x0000000100000000)
   the space 239480K,  68% used [0x00000000d5550000, 0x00000000df6a20f0, 0x00000000df6a2200, 0x00000000e3f2e000)
 Metaspace       used 6503K, capacity 7280K, committed 7552K, reserved 1056768K
  class space    used 592K, capacity 616K, committed 640K, reserved 1048576K
Event: 31.560 GC heap after
Heap after GC invocations=54 (full 5):
 def new generation   total 107840K, used 11968K [0x00000000c0000000, 0x00000000c7500000, 0x00000000d5550000)
  eden space 95872K,   0% used [0x00000000c0000000, 0x00000000c0000000, 0x00000000c5da0000)
  from space 11968K, 100% used [0x00000000c6950000, 0x00000000c7500000, 0x00000000c7500000)
  to   space 11968K,   0% used [0x00000000c5da0000, 0x00000000c5da0000, 0x00000000c6950000)
 tenured generation   total 239480K, used 174485K [0x00000000d5550000, 0x00000000e3f2e000, 0x0000000100000000)
   the space 239480K,  72% used [0x00000000d5550000, 0x00000000dffb5768, 0x00000000dffb5800, 0x00000000e3f2e000)
 Metaspace       used 6503K, capacity 7280K, committed 7552K, reserved 1056768K
  class space    used 592K, capacity 616K, committed 640K, reserved 1048576K
}
Event: 32.503 GC heap before
{Heap before GC invocations=54 (full 5):
 def new generation   total 107840K, used 107840K [0x00000000c0000000, 0x00000000c7500000, 0x00000000d5550000)
  eden space 95872K, 100% used [0x00000000c0000000, 0x00000000c5da0000, 0x00000000c5da0000)
  from space 11968K, 100% used [0x00000000c6950000, 0x00000000c7500000, 0x00000000c7500000)
  to   space 11968K,   0% used [0x00000000c5da0000, 0x00000000c5da0000, 0x00000000c6950000)
 tenured generation   total 239480K, used 174485K [0x00000000d5550000, 0x00000000e3f2e000, 0x0000000100000000)
   the space 239480K,  72% used [0x00000000d5550000, 0x00000000dffb5768, 0x00000000dffb5800, 0x00000000e3f2e000)
 Metaspace       used 6503K, capacity 7280K, committed 7552K, reserved 1056768K
  class space    used 592K, capacity 616K, committed 640K, reserved 1048576K
Event: 32.603 GC heap after
Heap after GC invocations=55 (full 5):
 def new generation   total 107840K, used 11968K [0x00000000c0000000, 0x00000000c7500000, 0x00000000d5550000)
  eden space 95872K,   0% used [0x00000000c0000000, 0x00000000c0000000, 0x00000000c5da0000)
  from space 11968K, 100% used [0x00000000c5da0000, 0x00000000c6950000, 0x00000000c6950000)
  to   space 11968K,   0% used [0x00000000c6950000, 0x00000000c6950000, 0x00000000c7500000)
 tenured generation   total 239480K, used 187129K [0x00000000d5550000, 0x00000000e3f2e000, 0x0000000100000000)
   the space 239480K,  78% used [0x00000000d5550000, 0x00000000e0c0e590, 0x00000000e0c0e600, 0x00000000e3f2e000)
 Metaspace       used 6503K, capacity 7280K, committed 7552K, reserved 1056768K
  class space    used 592K, capacity 616K, committed 640K, reserved 1048576K
}
Event: 33.271 GC heap before
{Heap before GC invocations=55 (full 5):
 def new generation   total 107840K, used 107840K [0x00000000c0000000, 0x00000000c7500000, 0x00000000d5550000)
  eden space 95872K, 100% used [0x00000000c0000000, 0x00000000c5da0000, 0x00000000c5da0000)
  from space 11968K, 100% used [0x00000000c5da0000, 0x00000000c6950000, 0x00000000c6950000)
  to   space 11968K,   0% used [0x00000000c6950000, 0x00000000c6950000, 0x00000000c7500000)
 tenured generation   total 239480K, used 187129K [0x00000000d5550000, 0x00000000e3f2e000, 0x0000000100000000)
   the space 239480K,  78% used [0x00000000d5550000, 0x00000000e0c0e590, 0x00000000e0c0e600, 0x00000000e3f2e000)
 Metaspace       used 6504K, capacity 7280K, committed 7552K, reserved 1056768K
  class space    used 592K, capacity 616K, committed 640K, reserved 1048576K
Event: 33.407 GC heap after
Heap after GC invocations=56 (full 5):
 def new generation   total 107840K, used 10421K [0x00000000c0000000, 0x00000000c7500000, 0x00000000d5550000)
  eden space 95872K,   0% used [0x00000000c0000000, 0x00000000c0000000, 0x00000000c5da0000)
  from space 11968K,  87% used [0x00000000c6950000, 0x00000000c737d698, 0x00000000c7500000)
  to   space 11968K,   0% used [0x00000000c5da0000, 0x00000000c5da0000, 0x00000000c6950000)
 tenured generation   total 239480K, used 198531K [0x00000000d5550000, 0x00000000e3f2e000, 0x0000000100000000)
   the space 239480K,  82% used [0x00000000d5550000, 0x00000000e1730c38, 0x00000000e1730e00, 0x00000000e3f2e000)
 Metaspace       used 6504K, capacity 7280K, committed 7552K, reserved 1056768K
  class space    used 592K, capacity 616K, committed 640K, reserved 1048576K
}
Event: 34.469 GC heap before
{Heap before GC invocations=56 (full 5):
 def new generation   total 107840K, used 106293K [0x00000000c0000000, 0x00000000c7500000, 0x00000000d5550000)
  eden space 95872K, 100% used [0x00000000c0000000, 0x00000000c5da0000, 0x00000000c5da0000)
  from space 11968K,  87% used [0x00000000c6950000, 0x00000000c737d698, 0x00000000c7500000)
  to   space 11968K,   0% used [0x00000000c5da0000, 0x00000000c5da0000, 0x00000000c6950000)
 tenured generation   total 239480K, used 198531K [0x00000000d5550000, 0x00000000e3f2e000, 0x0000000100000000)
   the space 239480K,  82% used [0x00000000d5550000, 0x00000000e1730c38, 0x00000000e1730e00, 0x00000000e3f2e000)
 Metaspace       used 6504K, capacity 7280K, committed 7552K, reserved 1056768K
  class space    used 592K, capacity 616K, committed 640K, reserved 1048576K
Event: 34.601 GC heap after
Heap after GC invocations=57 (full 5):
 def new generation   total 107840K, used 11929K [0x00000000c0000000, 0x00000000c7500000, 0x00000000d5550000)
  eden space 95872K,   0% used [0x00000000c0000000, 0x00000000c0000000, 0x00000000c5da0000)
  from space 11968K,  99% used [0x00000000c5da0000, 0x00000000c6946678, 0x00000000c6950000)
  to   space 11968K,   0% used [0x00000000c6950000, 0x00000000c6950000, 0x00000000c7500000)
 tenured generation   total 239480K, used 208500K [0x00000000d5550000, 0x00000000e3f2e000, 0x0000000100000000)
   the space 239480K,  87% used [0x00000000d5550000, 0x00000000e20ed120, 0x00000000e20ed200, 0x00000000e3f2e000)
 Metaspace       used 6504K, capacity 7280K, committed 7552K, reserved 1056768K
  class space    used 592K, capacity 616K, committed 640K, reserved 1048576K
}
Event: 38.095 GC heap before
{Heap before GC invocations=57 (full 5):
 def new generation   total 107840K, used 107801K [0x00000000c0000000, 0x00000000c7500000, 0x00000000d5550000)
  eden space 95872K, 100% used [0x00000000c0000000, 0x00000000c5da0000, 0x00000000c5da0000)
  from space 11968K,  99% used [0x00000000c5da0000, 0x00000000c6946678, 0x00000000c6950000)
  to   space 11968K,   0% used [0x00000000c6950000, 0x00000000c6950000, 0x00000000c7500000)
 tenured generation   total 239480K, used 208500K [0x00000000d5550000, 0x00000000e3f2e000, 0x0000000100000000)
   the space 239480K,  87% used [0x00000000d5550000, 0x00000000e20ed120, 0x00000000e20ed200, 0x00000000e3f2e000)
 Metaspace       used 6509K, capacity 7280K, committed 7552K, reserved 1056768K
  class space    used 592K, capacity 616K, committed 640K, reserved 1048576K

Deoptimization events (10 events):
Event: 22.552 Thread 0x00007fe2c8139000 Uncommon trap: reason=bimorphic action=maybe_recompile pc=0x00007fe2b936f668 method=com.android.dx.cf.code.BytecodeArray.parseInstruction(ILcom/android/dx/cf/code/BytecodeArray$Visitor;)I @ 1597
Event: 22.552 Thread 0x00007fe2c8139000 Uncommon trap: reason=bimorphic action=maybe_recompile pc=0x00007fe2b936f668 method=com.android.dx.cf.code.BytecodeArray.parseInstruction(ILcom/android/dx/cf/code/BytecodeArray$Visitor;)I @ 1597
Event: 24.500 Thread 0x00007fe2c8135800 Uncommon trap: reason=unstable_if action=reinterpret pc=0x00007fe2b9232f5c method=java.util.HashMap.resize()[Ljava/util/HashMap$Node; @ 206
Event: 26.019 Thread 0x00007fe2c8132800 Uncommon trap: reason=bimorphic action=maybe_recompile pc=0x00007fe2b93b5ad0 method=com.android.dx.cf.code.BytecodeArray.parseInstruction(ILcom/android/dx/cf/code/BytecodeArray$Visitor;)I @ 1891
Event: 26.020 Thread 0x00007fe2c8132800 Uncommon trap: reason=bimorphic action=maybe_recompile pc=0x00007fe2b93b5ad0 method=com.android.dx.cf.code.BytecodeArray.parseInstruction(ILcom/android/dx/cf/code/BytecodeArray$Visitor;)I @ 1891
Event: 27.898 Thread 0x00007fe2c8135800 Uncommon trap: reason=bimorphic action=maybe_recompile pc=0x00007fe2b9406144 method=com.android.dx.cf.code.BytecodeArray.parseInstruction(ILcom/android/dx/cf/code/BytecodeArray$Visitor;)I @ 1747
Event: 27.898 Thread 0x00007fe2c8135800 Uncommon trap: reason=bimorphic action=maybe_recompile pc=0x00007fe2b9406144 method=com.android.dx.cf.code.BytecodeArray.parseInstruction(ILcom/android/dx/cf/code/BytecodeArray$Visitor;)I @ 1747
Event: 31.236 Thread 0x00007fe2c8132800 Uncommon trap: reason=unstable_if action=reinterpret pc=0x00007fe2b9102f08 method=java.util.HashMap.resize()[Ljava/util/HashMap$Node; @ 206
Event: 33.234 Thread 0x00007fe2c8139000 Uncommon trap: reason=bimorphic action=maybe_recompile pc=0x00007fe2b9470b38 method=com.android.dx.cf.code.BytecodeArray.parseInstruction(ILcom/android/dx/cf/code/BytecodeArray$Visitor;)I @ 1477
Event: 33.246 Thread 0x00007fe2c8139000 Uncommon trap: reason=bimorphic action=maybe_recompile pc=0x00007fe2b9470b38 method=com.android.dx.cf.code.BytecodeArray.parseInstruction(ILcom/android/dx/cf/code/BytecodeArray$Visitor;)I @ 1477

Internal exceptions (5 events):
Event: 0.326 Thread 0x00007fe2c800a000 Exception <a 'java/lang/NoSuchMethodError': Method sun.misc.Unsafe.defineClass(Ljava/lang/String;[BII)Ljava/lang/Class; name or signature does not match> (0x00000000c0007c78) thrown at [/ssd/Android/AOSP-openjdk/external/jetbrains/jdk/hotspot/src/share/vm
Event: 0.326 Thread 0x00007fe2c800a000 Exception <a 'java/lang/NoSuchMethodError': Method sun.misc.Unsafe.prefetchRead(Ljava/lang/Object;J)V name or signature does not match> (0x00000000c0007f60) thrown at [/ssd/Android/AOSP-openjdk/external/jetbrains/jdk/hotspot/src/share/vm/prims/jni.cpp, li
Event: 10.956 Thread 0x00007fe2c800a000 Exception <a 'java/lang/ArrayIndexOutOfBoundsException': 18> (0x00000000c04a7b18) thrown at [/ssd/Android/AOSP-openjdk/external/jetbrains/jdk/hotspot/src/share/vm/interpreter/interpreterRuntime.cpp, line 366]
Event: 10.957 Thread 0x00007fe2c800a000 Exception <a 'java/lang/ArrayIndexOutOfBoundsException'> (0x00000000c04a9698) thrown at [/ssd/Android/AOSP-openjdk/external/jetbrains/jdk/hotspot/src/share/vm/runtime/sharedRuntime.cpp, line 605]
Event: 10.960 Thread 0x00007fe2c800a000 Exception <a 'java/lang/ArrayIndexOutOfBoundsException'> (0x00000000c04aa980) thrown at [/ssd/Android/AOSP-openjdk/external/jetbrains/jdk/hotspot/src/share/vm/runtime/sharedRuntime.cpp, line 605]

Events (10 events):
Event: 37.852 Thread 0x00007fe2c800a000 DEOPT UNPACKING pc=0x00007fe2b8c19373 sp=0x00007fe2cebb1338 mode 0
Event: 37.853 Thread 0x00007fe2c800a000 DEOPT PACKING pc=0x00007fe2b8eac944 sp=0x00007fe2cebb15b0
Event: 37.853 Thread 0x00007fe2c800a000 DEOPT UNPACKING pc=0x00007fe2b8c19373 sp=0x00007fe2cebb1338 mode 0
Event: 37.859 Thread 0x00007fe2c800a000 DEOPT PACKING pc=0x00007fe2b8eac944 sp=0x00007fe2cebb15b0
Event: 37.859 Thread 0x00007fe2c800a000 DEOPT UNPACKING pc=0x00007fe2b8c19373 sp=0x00007fe2cebb1338 mode 0
Event: 37.860 Thread 0x00007fe2c800a000 DEOPT PACKING pc=0x00007fe2b8eac944 sp=0x00007fe2cebb15b0
Event: 37.860 Thread 0x00007fe2c800a000 DEOPT UNPACKING pc=0x00007fe2b8c19373 sp=0x00007fe2cebb1338 mode 0
Event: 37.860 Thread 0x00007fe2c800a000 DEOPT PACKING pc=0x00007fe2b8eac944 sp=0x00007fe2cebb15b0
Event: 37.868 Thread 0x00007fe2c800a000 DEOPT UNPACKING pc=0x00007fe2b8c19373 sp=0x00007fe2cebb1338 mode 0
Event: 38.095 Executing VM operation: GenCollectForAllocation


Dynamic libraries:
00400000-00401000 r-xp 00000000 08:01 1841732                            /opt/android-studio/jre/bin/java
00600000-00601000 r--p 00000000 08:01 1841732                            /opt/android-studio/jre/bin/java
00601000-00602000 rw-p 00001000 08:01 1841732                            /opt/android-studio/jre/bin/java
01387000-013a8000 rw-p 00000000 00:00 0                                  [heap]
c0000000-c7500000 rw-p 00000000 00:00 0 
c7500000-d5550000 ---p 00000000 00:00 0 
d5550000-e461e000 rw-p 00000000 00:00 0 
ee6a8000-100000000 ---p 00000000 00:00 0 
100000000-1000a0000 rw-p 00000000 00:00 0 
1000a0000-140000000 ---p 00000000 00:00 0 
7fe298000000-7fe298789000 rw-p 00000000 00:00 0 
7fe298789000-7fe29c000000 ---p 00000000 00:00 0 
7fe29c000000-7fe29c033000 rw-p 00000000 00:00 0 
7fe29c033000-7fe2a0000000 ---p 00000000 00:00 0 
7fe2a0000000-7fe2a0034000 rw-p 00000000 00:00 0 
7fe2a0034000-7fe2a4000000 ---p 00000000 00:00 0 
7fe2a4000000-7fe2a5a26000 rw-p 00000000 00:00 0 
7fe2a5a26000-7fe2a8000000 ---p 00000000 00:00 0 
7fe2a8000000-7fe2a8021000 rw-p 00000000 00:00 0 
7fe2a8021000-7fe2ac000000 ---p 00000000 00:00 0 
7fe2ac000000-7fe2ac02f000 rw-p 00000000 00:00 0 
7fe2ac02f000-7fe2b0000000 ---p 00000000 00:00 0 
7fe2b0000000-7fe2b02e8000 rw-p 00000000 00:00 0 
7fe2b02e8000-7fe2b4000000 ---p 00000000 00:00 0 
7fe2b6b04000-7fe2b6b07000 ---p 00000000 00:00 0 
7fe2b6b07000-7fe2b6c05000 rw-p 00000000 00:00 0 
7fe2b6c05000-7fe2b6c08000 ---p 00000000 00:00 0 
7fe2b6c08000-7fe2b6d06000 rw-p 00000000 00:00 0 
7fe2b6d06000-7fe2b6d09000 ---p 00000000 00:00 0 
7fe2b6d09000-7fe2b6e07000 rw-p 00000000 00:00 0 
7fe2b6e07000-7fe2b6e0a000 ---p 00000000 00:00 0 
7fe2b6e0a000-7fe2b6f08000 rw-p 00000000 00:00 0 
7fe2b6f08000-7fe2b6f0b000 ---p 00000000 00:00 0 
7fe2b6f0b000-7fe2b7009000 rw-p 00000000 00:00 0 
7fe2b7009000-7fe2b700a000 ---p 00000000 00:00 0 
7fe2b700a000-7fe2b710a000 rw-p 00000000 00:00 0 
7fe2b710a000-7fe2b710d000 ---p 00000000 00:00 0 
7fe2b710d000-7fe2b720b000 rw-p 00000000 00:00 0 
7fe2b720b000-7fe2b720e000 ---p 00000000 00:00 0 
7fe2b720e000-7fe2b730c000 rw-p 00000000 00:00 0 
7fe2b730c000-7fe2b730f000 ---p 00000000 00:00 0 
7fe2b730f000-7fe2b740d000 rw-p 00000000 00:00 0 
7fe2b740d000-7fe2b7410000 ---p 00000000 00:00 0 
7fe2b7410000-7fe2b750e000 rw-p 00000000 00:00 0 
7fe2b750e000-7fe2b77e9000 r--p 00000000 08:01 4990966                    /usr/lib/locale/locale-archive
7fe2b77e9000-7fe2b77ec000 ---p 00000000 00:00 0 
7fe2b77ec000-7fe2b78ea000 rw-p 00000000 00:00 0 
7fe2b78ea000-7fe2b78ed000 ---p 00000000 00:00 0 
7fe2b78ed000-7fe2b79eb000 rw-p 00000000 00:00 0 
7fe2b79eb000-7fe2b79ec000 ---p 00000000 00:00 0 
7fe2b79ec000-7fe2b7aec000 rw-p 00000000 00:00 0 
7fe2b7aec000-7fe2b7cbb000 r--s 03c1b000 08:01 1841789                    /opt/android-studio/jre/jre/lib/rt.jar
7fe2b7cbb000-7fe2b837b000 rw-p 00000000 00:00 0 
7fe2b837b000-7fe2b84bb000 ---p 00000000 00:00 0 
7fe2b84bb000-7fe2b8534000 rw-p 00000000 00:00 0 
7fe2b8534000-7fe2b8611000 ---p 00000000 00:00 0 
7fe2b8611000-7fe2b864c000 rw-p 00000000 00:00 0 
7fe2b864c000-7fe2b86bb000 ---p 00000000 00:00 0 
7fe2b86bb000-7fe2b8735000 rw-p 00000000 00:00 0 
7fe2b8735000-7fe2b8811000 ---p 00000000 00:00 0 
7fe2b8811000-7fe2b8838000 rw-p 00000000 00:00 0 
7fe2b8838000-7fe2b8bd2000 ---p 00000000 00:00 0 
7fe2b8bd2000-7fe2b9522000 rwxp 00000000 00:00 0 
7fe2b9522000-7fe2c7bd2000 ---p 00000000 00:00 0 
7fe2c7bd2000-7fe2c7bec000 r-xp 00000000 08:01 1841816                    /opt/android-studio/jre/jre/lib/amd64/libzip.so
7fe2c7bec000-7fe2c7dec000 ---p 0001a000 08:01 1841816                    /opt/android-studio/jre/jre/lib/amd64/libzip.so
7fe2c7dec000-7fe2c7ded000 r--p 0001a000 08:01 1841816                    /opt/android-studio/jre/jre/lib/amd64/libzip.so
7fe2c7ded000-7fe2c7dee000 rw-p 0001b000 08:01 1841816                    /opt/android-studio/jre/jre/lib/amd64/libzip.so
7fe2c7dee000-7fe2c7df9000 r-xp 00000000 08:01 1452947                    /lib/x86_64-linux-gnu/libnss_files-2.24.so
7fe2c7df9000-7fe2c7ff8000 ---p 0000b000 08:01 1452947                    /lib/x86_64-linux-gnu/libnss_files-2.24.so
7fe2c7ff8000-7fe2c7ff9000 r--p 0000a000 08:01 1452947                    /lib/x86_64-linux-gnu/libnss_files-2.24.so
7fe2c7ff9000-7fe2c7ffa000 rw-p 0000b000 08:01 1452947                    /lib/x86_64-linux-gnu/libnss_files-2.24.so
7fe2c7ffa000-7fe2c8000000 rw-p 00000000 00:00 0 
7fe2c8000000-7fe2c8373000 rw-p 00000000 00:00 0 
7fe2c8373000-7fe2cc000000 ---p 00000000 00:00 0 
7fe2cc07b000-7fe2cc0bb000 r--s 00283000 08:01 4587845                    /home/cynh/workspace/PodcastDownloader/PodcastGrossesTetes/app/build/intermediates/transforms/proguard/release/jars/3/1f/main.jar
7fe2cc0bb000-7fe2cc131000 rw-p 00000000 00:00 0 
7fe2cc131000-7fe2cc13c000 r-xp 00000000 08:01 1452949                    /lib/x86_64-linux-gnu/libnss_nis-2.24.so
7fe2cc13c000-7fe2cc33b000 ---p 0000b000 08:01 1452949                    /lib/x86_64-linux-gnu/libnss_nis-2.24.so
7fe2cc33b000-7fe2cc33c000 r--p 0000a000 08:01 1452949                    /lib/x86_64-linux-gnu/libnss_nis-2.24.so
7fe2cc33c000-7fe2cc33d000 rw-p 0000b000 08:01 1452949                    /lib/x86_64-linux-gnu/libnss_nis-2.24.so
7fe2cc33d000-7fe2cc353000 r-xp 00000000 08:01 1452599                    /lib/x86_64-linux-gnu/libnsl-2.24.so
7fe2cc353000-7fe2cc552000 ---p 00016000 08:01 1452599                    /lib/x86_64-linux-gnu/libnsl-2.24.so
7fe2cc552000-7fe2cc553000 r--p 00015000 08:01 1452599                    /lib/x86_64-linux-gnu/libnsl-2.24.so
7fe2cc553000-7fe2cc554000 rw-p 00016000 08:01 1452599                    /lib/x86_64-linux-gnu/libnsl-2.24.so
7fe2cc554000-7fe2cc556000 rw-p 00000000 00:00 0 
7fe2cc556000-7fe2cc55e000 r-xp 00000000 08:01 1452600                    /lib/x86_64-linux-gnu/libnss_compat-2.24.so
7fe2cc55e000-7fe2cc75d000 ---p 00008000 08:01 1452600                    /lib/x86_64-linux-gnu/libnss_compat-2.24.so
7fe2cc75d000-7fe2cc75e000 r--p 00007000 08:01 1452600                    /lib/x86_64-linux-gnu/libnss_compat-2.24.so
7fe2cc75e000-7fe2cc75f000 rw-p 00008000 08:01 1452600                    /lib/x86_64-linux-gnu/libnss_compat-2.24.so
7fe2cc75f000-7fe2cc78c000 r-xp 00000000 08:01 1841826                    /opt/android-studio/jre/jre/lib/amd64/libjava.so
7fe2cc78c000-7fe2cc98b000 ---p 0002d000 08:01 1841826                    /opt/android-studio/jre/jre/lib/amd64/libjava.so
7fe2cc98b000-7fe2cc98c000 r--p 0002c000 08:01 1841826                    /opt/android-studio/jre/jre/lib/amd64/libjava.so
7fe2cc98c000-7fe2cc98e000 rw-p 0002d000 08:01 1841826                    /opt/android-studio/jre/jre/lib/amd64/libjava.so
7fe2cc98e000-7fe2cc99e000 r-xp 00000000 08:01 1841842                    /opt/android-studio/jre/jre/lib/amd64/libverify.so
7fe2cc99e000-7fe2ccb9d000 ---p 00010000 08:01 1841842                    /opt/android-studio/jre/jre/lib/amd64/libverify.so
7fe2ccb9d000-7fe2ccb9f000 r--p 0000f000 08:01 1841842                    /opt/android-studio/jre/jre/lib/amd64/libverify.so
7fe2ccb9f000-7fe2ccba0000 rw-p 00011000 08:01 1841842                    /opt/android-studio/jre/jre/lib/amd64/libverify.so
7fe2ccba0000-7fe2ccba7000 r-xp 00000000 08:01 1452954                    /lib/x86_64-linux-gnu/librt-2.24.so
7fe2ccba7000-7fe2ccda6000 ---p 00007000 08:01 1452954                    /lib/x86_64-linux-gnu/librt-2.24.so
7fe2ccda6000-7fe2ccda7000 r--p 00006000 08:01 1452954                    /lib/x86_64-linux-gnu/librt-2.24.so
7fe2ccda7000-7fe2ccda8000 rw-p 00007000 08:01 1452954                    /lib/x86_64-linux-gnu/librt-2.24.so
7fe2ccda8000-7fe2cceb0000 r-xp 00000000 08:01 1447033                    /lib/x86_64-linux-gnu/libm-2.24.so
7fe2cceb0000-7fe2cd0af000 ---p 00108000 08:01 1447033                    /lib/x86_64-linux-gnu/libm-2.24.so
7fe2cd0af000-7fe2cd0b0000 r--p 00107000 08:01 1447033                    /lib/x86_64-linux-gnu/libm-2.24.so
7fe2cd0b0000-7fe2cd0b1000 rw-p 00108000 08:01 1447033                    /lib/x86_64-linux-gnu/libm-2.24.so
7fe2cd0b1000-7fe2cdca2000 r-xp 00000000 08:01 1841846                    /opt/android-studio/jre/jre/lib/amd64/server/libjvm.so
7fe2cdca2000-7fe2cdea2000 ---p 00bf1000 08:01 1841846                    /opt/android-studio/jre/jre/lib/amd64/server/libjvm.so
7fe2cdea2000-7fe2cdf41000 r--p 00bf1000 08:01 1841846                    /opt/android-studio/jre/jre/lib/amd64/server/libjvm.so
7fe2cdf41000-7fe2cdf6a000 rw-p 00c90000 08:01 1841846                    /opt/android-studio/jre/jre/lib/amd64/server/libjvm.so
7fe2cdf6a000-7fe2cdfae000 rw-p 00000000 00:00 0 
7fe2cdfae000-7fe2cdfc6000 r-xp 00000000 08:01 1452952                    /lib/x86_64-linux-gnu/libpthread-2.24.so
7fe2cdfc6000-7fe2ce1c6000 ---p 00018000 08:01 1452952                    /lib/x86_64-linux-gnu/libpthread-2.24.so
7fe2ce1c6000-7fe2ce1c7000 r--p 00018000 08:01 1452952                    /lib/x86_64-linux-gnu/libpthread-2.24.so
7fe2ce1c7000-7fe2ce1c8000 rw-p 00019000 08:01 1452952                    /lib/x86_64-linux-gnu/libpthread-2.24.so
7fe2ce1c8000-7fe2ce1cc000 rw-p 00000000 00:00 0 
7fe2ce1cc000-7fe2ce1cf000 r-xp 00000000 08:01 1447032                    /lib/x86_64-linux-gnu/libdl-2.24.so
7fe2ce1cf000-7fe2ce3ce000 ---p 00003000 08:01 1447032                    /lib/x86_64-linux-gnu/libdl-2.24.so
7fe2ce3ce000-7fe2ce3cf000 r--p 00002000 08:01 1447032                    /lib/x86_64-linux-gnu/libdl-2.24.so
7fe2ce3cf000-7fe2ce3d0000 rw-p 00003000 08:01 1447032                    /lib/x86_64-linux-gnu/libdl-2.24.so
7fe2ce3d0000-7fe2ce58e000 r-xp 00000000 08:01 1447029                    /lib/x86_64-linux-gnu/libc-2.24.so
7fe2ce58e000-7fe2ce78d000 ---p 001be000 08:01 1447029                    /lib/x86_64-linux-gnu/libc-2.24.so
7fe2ce78d000-7fe2ce791000 r--p 001bd000 08:01 1447029                    /lib/x86_64-linux-gnu/libc-2.24.so
7fe2ce791000-7fe2ce793000 rw-p 001c1000 08:01 1447029                    /lib/x86_64-linux-gnu/libc-2.24.so
7fe2ce793000-7fe2ce797000 rw-p 00000000 00:00 0 
7fe2ce797000-7fe2ce7ad000 r-xp 00000000 08:01 1841706                    /opt/android-studio/jre/lib/amd64/jli/libjli.so
7fe2ce7ad000-7fe2ce9ac000 ---p 00016000 08:01 1841706                    /opt/android-studio/jre/lib/amd64/jli/libjli.so
7fe2ce9ac000-7fe2ce9ad000 r--p 00015000 08:01 1841706                    /opt/android-studio/jre/lib/amd64/jli/libjli.so
7fe2ce9ad000-7fe2ce9ae000 rw-p 00016000 08:01 1841706                    /opt/android-studio/jre/lib/amd64/jli/libjli.so
7fe2ce9ae000-7fe2ce9d4000 r-xp 00000000 08:01 1447025                    /lib/x86_64-linux-gnu/ld-2.24.so
7fe2ce9e2000-7fe2ceab3000 rw-p 00000000 00:00 0 
7fe2ceab3000-7fe2ceab6000 ---p 00000000 00:00 0 
7fe2ceab6000-7fe2cebb6000 rw-p 00000000 00:00 0 
7fe2cebb7000-7fe2cebc6000 r--s 000ed000 08:01 3283964                    /home/cynh/Android/Sdk/build-tools/26.0.2/lib/dx.jar
7fe2cebc6000-7fe2cebce000 rw-s 00000000 08:01 3155324                    /tmp/hsperfdata_cynh/42177
7fe2cebce000-7fe2cebcf000 rw-p 00000000 00:00 0 
7fe2cebcf000-7fe2cebd0000 ---p 00000000 00:00 0 
7fe2cebd0000-7fe2cebd3000 rw-p 00000000 00:00 0 
7fe2cebd3000-7fe2cebd4000 r--p 00025000 08:01 1447025                    /lib/x86_64-linux-gnu/ld-2.24.so
7fe2cebd4000-7fe2cebd5000 rw-p 00026000 08:01 1447025                    /lib/x86_64-linux-gnu/ld-2.24.so
7fe2cebd5000-7fe2cebd6000 rw-p 00000000 00:00 0 
7ffebb466000-7ffebb487000 rw-p 00000000 00:00 0                          [stack]
7ffebb569000-7ffebb56b000 r--p 00000000 00:00 0                          [vvar]
7ffebb56b000-7ffebb56d000 r-xp 00000000 00:00 0                          [vdso]
ffffffffff600000-ffffffffff601000 r-xp 00000000 00:00 0                  [vsyscall]

VM Arguments:
jvm_args: -Djava.awt.headless=true -Xmx1024M -Dfile.encoding=UTF-8 -Duser.country=US -Duser.language=en -Duser.variant 
java_command: com.android.dx.command.Main --dex --num-threads=4 --output /home/cynh/workspace/PodcastDownloader/PodcastGrossesTetes/app/build/intermediates/transforms/dex/release/folders/1000/1f/main /home/cynh/workspace/PodcastDownloader/PodcastGrossesTetes/app/build/intermediates/transforms/proguard/release/jars/3/1f/main.jar
java_class_path (initial): /home/cynh/Android/Sdk/build-tools/26.0.2/lib/dx.jar
Launcher Type: SUN_STANDARD

Environment Variables:
PATH=/usr/local/sbin:/usr/local/bin:/usr/sbin:/usr/bin:/sbin:/bin:/usr/games:/usr/local/games:/snap/bin
SHELL=/bin/bash
DISPLAY=:0

Signal Handlers:
SIGSEGV: [libjvm.so+0x9e5150], sa_mask[0]=11111111011111111101111111111110, sa_flags=SA_RESTART|SA_SIGINFO
SIGBUS: [libjvm.so+0x9e5150], sa_mask[0]=11111111011111111101111111111110, sa_flags=SA_RESTART|SA_SIGINFO
SIGFPE: [libjvm.so+0x848450], sa_mask[0]=11111111011111111101111111111110, sa_flags=SA_RESTART|SA_SIGINFO
SIGPIPE: [libjvm.so+0x848450], sa_mask[0]=11111111011111111101111111111110, sa_flags=SA_RESTART|SA_SIGINFO
SIGXFSZ: [libjvm.so+0x848450], sa_mask[0]=11111111011111111101111111111110, sa_flags=SA_RESTART|SA_SIGINFO
SIGILL: [libjvm.so+0x848450], sa_mask[0]=11111111011111111101111111111110, sa_flags=SA_RESTART|SA_SIGINFO
SIGUSR1: SIG_DFL, sa_mask[0]=00000000000000000000000000000000, sa_flags=none
SIGUSR2: [libjvm.so+0x848320], sa_mask[0]=00100000000000000000000000000000, sa_flags=SA_RESTART|SA_SIGINFO
SIGHUP: [libjvm.so+0x848510], sa_mask[0]=11111111011111111101111111111110, sa_flags=SA_RESTART|SA_SIGINFO
SIGINT: [libjvm.so+0x848510], sa_mask[0]=11111111011111111101111111111110, sa_flags=SA_RESTART|SA_SIGINFO
SIGTERM: [libjvm.so+0x848510], sa_mask[0]=11111111011111111101111111111110, sa_flags=SA_RESTART|SA_SIGINFO
SIGQUIT: [libjvm.so+0x848510], sa_mask[0]=11111111011111111101111111111110, sa_flags=SA_RESTART|SA_SIGINFO


---------------  S Y S T E M  ---------------

OS:DISTRIB_ID=Ubuntu
DISTRIB_RELEASE=17.04
DISTRIB_CODENAME=zesty
DISTRIB_DESCRIPTION="Ubuntu 17.04"

uname:Linux 4.10.0-38-generic #42-Ubuntu SMP Tue Oct 10 13:24:27 UTC 2017 x86_64
libc:glibc 2.24 NPTL 2.24 
rlimit: STACK 8192k, CORE 0k, NPROC 7739, NOFILE 4096, AS infinity
load average:4.32 1.92 1.12

/proc/meminfo:
MemTotal:        2027028 kB
MemFree:           90428 kB
MemAvailable:      43612 kB
Buffers:            1880 kB
Cached:            22424 kB
SwapCached:        30228 kB
Active:          1033964 kB
Inactive:         350988 kB
Active(anon):    1019548 kB
Inactive(anon):   341336 kB
Active(file):      14416 kB
Inactive(file):     9652 kB
Unevictable:          48 kB
Mlocked:              48 kB
SwapTotal:       2097148 kB
SwapFree:          23164 kB
Dirty:                64 kB
Writeback:             0 kB
AnonPages:       1330616 kB
Mapped:            17044 kB
Shmem:               144 kB
Slab:              90672 kB
SReclaimable:      32788 kB
SUnreclaim:        57884 kB
KernelStack:       12656 kB
PageTables:        40608 kB
NFS_Unstable:          0 kB
Bounce:                0 kB
WritebackTmp:          0 kB
CommitLimit:     3110660 kB
Committed_AS:    6890100 kB
VmallocTotal:   34359738367 kB
VmallocUsed:           0 kB
VmallocChunk:          0 kB
HardwareCorrupted:     0 kB
AnonHugePages:    374784 kB
ShmemHugePages:        0 kB
ShmemPmdMapped:        0 kB
CmaTotal:              0 kB
CmaFree:               0 kB
HugePages_Total:       0
HugePages_Free:        0
HugePages_Rsvd:        0
HugePages_Surp:        0
Hugepagesize:       2048 kB
DirectMap4k:      411520 kB
DirectMap2M:     1685504 kB
DirectMap1G:           0 kB


CPU:total 1 (1 cores per cpu, 1 threads per core) family 6 model 142 stepping 9, cmov, cx8, fxsr, mmx, sse, sse2, sse3, ssse3, sse4.1, sse4.2, popcnt, avx, avx2, aes, clmul, erms, 3dnowpref, lzcnt, tsc, tscinvbit, bmi1, bmi2, adx

/proc/cpuinfo:
processor	: 0
vendor_id	: GenuineIntel
cpu family	: 6
model		: 142
model name	: Intel(R) Core(TM) i5-7200U CPU @ 2.50GHz
stepping	: 9
microcode	: 0x3c
cpu MHz		: 2712.002
cache size	: 3072 KB
physical id	: 0
siblings	: 1
core id		: 0
cpu cores	: 1
apicid		: 0
initial apicid	: 0
fpu		: yes
fpu_exception	: yes
cpuid level	: 22
wp		: yes
flags		: fpu vme de pse tsc msr pae mce cx8 apic sep mtrr pge mca cmov pat pse36 clflush dts mmx fxsr sse sse2 ss syscall nx pdpe1gb rdtscp lm constant_tsc arch_perfmon pebs bts nopl xtopology tsc_reliable nonstop_tsc aperfmperf pni pclmulqdq ssse3 fma cx16 pcid sse4_1 sse4_2 x2apic movbe popcnt tsc_deadline_timer aes xsave avx f16c rdrand hypervisor lahf_lm abm 3dnowprefetch epb fsgsbase tsc_adjust bmi1 avx2 smep bmi2 invpcid rdseed adx smap xsaveopt dtherm ida arat pln pts hwp hwp_notify hwp_act_window hwp_epp
bugs		:
bogomips	: 5424.00
clflush size	: 64
cache_alignment	: 64
address sizes	: 42 bits physical, 48 bits virtual
power management:



Memory: 4k page, physical 2027028k(90428k free), swap 2097148k(23164k free)

vm_info: OpenJDK 64-Bit Server VM (25.112-b06) for linux-amd64 JRE (1.8.0_112-release-b06), built on Dec  6 2016 12:11:18 by "builder" with gcc 4.8.4

time: Tue Nov 14 05:13:32 2017
elapsed time: 39 seconds (0d 0h 0m 39s)

